<?xml version="1.0" encoding="UTF-8"?>
<!-- Generated by org.testng.reporters.JUnitReportReporter -->
<testsuite skipped="0" hostname="Amar" name="com.appium.gestures.Scroll_" tests="1" failures="0" timestamp="24 Oct 2020 06:34:20 GMT" time="25.254" errors="1">
  <testcase name="scroll" time="25.254" classname="com.appium.gestures.Scroll_">
    <error type="org.openqa.selenium.InvalidSelectorException" message="Could not parse expression `new UiScrollable(new UiSelector()).scrollIntoView(index(&quot;7&quot;))`: `UiScrollable` doesn&#039;t have suitable method `scrollIntoView` with arguments [index(&quot;7&quot;)]: Could not parse expression `new UiSelector().index(&quot;7&quot;)`: `UiSelector` doesn&#039;t have suitable method `index` with arguments [&quot;7&quot;]: Could not parse expression `new UiSelector().index(&quot;7&quot;)`: &quot;7&quot; is not a integer (WARNING: The server did not provide any stacktrace information)
Command duration or timeout: 85 milliseconds
For documentation on this error, please visit: http://seleniumhq.org/exceptions/invalid_selector_exception.html
Build info: version: &#039;2.53.1&#039;, revision: &#039;a36b8b1cd5757287168e54b817830adce9b0158d&#039;, time: &#039;2016-06-30 19:26:09&#039;
System info: host: &#039;Amar&#039;, ip: &#039;192.168.43.45&#039;, os.name: &#039;Windows 8.1&#039;, os.arch: &#039;amd64&#039;, os.version: &#039;6.3&#039;, java.version: &#039;1.8.0_172&#039;
Driver info: io.appium.java_client.android.AndroidDriver
Capabilities [{appPackage=io.appium.android.apis, statBarHeight=72, noReset=true, viewportRect={top=72, left=0, width=1080, height=1848}, deviceName=d6c768cf9804, UDID=d6c768cf9804, platform=LINUX, deviceUDID=d6c768cf9804, desired={appPackage=io.appium.android.apis, appActivity=ApiDemos, noReset=true, platformVersion=7.0, automationName=Appium, platformName=Android, deviceName=Redmi, UDID=d6c768cf9804}, platformVersion=7.0, webStorageEnabled=false, automationName=Appium, takesScreenshot=true, javascriptEnabled=true, platformName=Android, deviceApiLevel=24, deviceManufacturer=Xiaomi, deviceScreenSize=1080x1920, networkConnectionEnabled=true, warnings={}, databaseEnabled=false, appActivity=ApiDemos, pixelRatio=3, locationContextEnabled=false, deviceScreenDensity=480, deviceModel=Redmi Note 4}]
Session ID: 77e42a21-b7b6-42c7-bf48-7225cc1255d5
*** Element info: {Using=-android uiautomator, value=new UiScrollable(new UiSelector()).scrollIntoView(index(&quot;7&quot;))}">
      <![CDATA[org.openqa.selenium.InvalidSelectorException: Could not parse expression `new UiScrollable(new UiSelector()).scrollIntoView(index("7"))`: `UiScrollable` doesn't have suitable method `scrollIntoView` with arguments [index("7")]: Could not parse expression `new UiSelector().index("7")`: `UiSelector` doesn't have suitable method `index` with arguments ["7"]: Could not parse expression `new UiSelector().index("7")`: "7" is not a integer (WARNING: The server did not provide any stacktrace information)Command duration or timeout: 85 millisecondsFor documentation on this error, please visit: http://seleniumhq.org/exceptions/invalid_selector_exception.htmlBuild info: version: '2.53.1', revision: 'a36b8b1cd5757287168e54b817830adce9b0158d', time: '2016-06-30 19:26:09'System info: host: 'Amar', ip: '192.168.43.45', os.name: 'Windows 8.1', os.arch: 'amd64', os.version: '6.3', java.version: '1.8.0_172'Driver info: io.appium.java_client.android.AndroidDriverCapabilities [{appPackage=io.appium.android.apis, statBarHeight=72, noReset=true, viewportRect={top=72, left=0, width=1080, height=1848}, deviceName=d6c768cf9804, UDID=d6c768cf9804, platform=LINUX, deviceUDID=d6c768cf9804, desired={appPackage=io.appium.android.apis, appActivity=ApiDemos, noReset=true, platformVersion=7.0, automationName=Appium, platformName=Android, deviceName=Redmi, UDID=d6c768cf9804}, platformVersion=7.0, webStorageEnabled=false, automationName=Appium, takesScreenshot=true, javascriptEnabled=true, platformName=Android, deviceApiLevel=24, deviceManufacturer=Xiaomi, deviceScreenSize=1080x1920, networkConnectionEnabled=true, warnings={}, databaseEnabled=false, appActivity=ApiDemos, pixelRatio=3, locationContextEnabled=false, deviceScreenDensity=480, deviceModel=Redmi Note 4}]Session ID: 77e42a21-b7b6-42c7-bf48-7225cc1255d5*** Element info: {Using=-android uiautomator, value=new UiScrollable(new UiSelector()).scrollIntoView(index("7"))}at sun.reflect.NativeConstructorAccessorImpl.newInstance0(Native Method)at sun.reflect.NativeConstructorAccessorImpl.newInstance(NativeConstructorAccessorImpl.java:62)at sun.reflect.DelegatingConstructorAccessorImpl.newInstance(DelegatingConstructorAccessorImpl.java:45)at java.lang.reflect.Constructor.newInstance(Constructor.java:423)at org.openqa.selenium.remote.ErrorHandler.createThrowable(ErrorHandler.java:206)at org.openqa.selenium.remote.ErrorHandler.throwIfResponseFailed(ErrorHandler.java:158)at org.openqa.selenium.remote.RemoteWebDriver.execute(RemoteWebDriver.java:678)at io.appium.java_client.DefaultGenericMobileDriver.execute(DefaultGenericMobileDriver.java:40)at io.appium.java_client.AppiumDriver.execute(AppiumDriver.java:1)at io.appium.java_client.android.AndroidDriver.execute(AndroidDriver.java:1)at org.openqa.selenium.remote.RemoteWebDriver.findElements(RemoteWebDriver.java:388)at io.appium.java_client.DefaultGenericMobileDriver.findElements(DefaultGenericMobileDriver.java:48)at io.appium.java_client.AppiumDriver.findElements(AppiumDriver.java:195)at io.appium.java_client.android.AndroidDriver.findElementsByAndroidUIAutomator(AndroidDriver.java:375)at com.appium.gestures.Scroll_.scrolling(Scroll_.java:51)at com.appium.gestures.Scroll_.scroll(Scroll_.java:41)at sun.reflect.NativeMethodAccessorImpl.invoke0(Native Method)at sun.reflect.NativeMethodAccessorImpl.invoke(NativeMethodAccessorImpl.java:62)at sun.reflect.DelegatingMethodAccessorImpl.invoke(DelegatingMethodAccessorImpl.java:43)at java.lang.reflect.Method.invoke(Method.java:498)at org.testng.internal.MethodInvocationHelper.invokeMethod(MethodInvocationHelper.java:124)at org.testng.internal.Invoker.invokeMethod(Invoker.java:571)at org.testng.internal.Invoker.invokeTestMethod(Invoker.java:707)at org.testng.internal.Invoker.invokeTestMethods(Invoker.java:979)at org.testng.internal.TestMethodWorker.invokeTestMethods(TestMethodWorker.java:125)at org.testng.internal.TestMethodWorker.run(TestMethodWorker.java:109)at org.testng.TestRunner.privateRun(TestRunner.java:648)at org.testng.TestRunner.run(TestRunner.java:505)at org.testng.SuiteRunner.runTest(SuiteRunner.java:455)at org.testng.SuiteRunner.runSequentially(SuiteRunner.java:450)at org.testng.SuiteRunner.privateRun(SuiteRunner.java:415)at org.testng.SuiteRunner.run(SuiteRunner.java:364)at org.testng.SuiteRunnerWorker.runSuite(SuiteRunnerWorker.java:52)at org.testng.SuiteRunnerWorker.run(SuiteRunnerWorker.java:84)at org.testng.TestNG.runSuitesSequentially(TestNG.java:1187)at org.testng.TestNG.runSuitesLocally(TestNG.java:1116)at org.testng.TestNG.runSuites(TestNG.java:1028)at org.testng.TestNG.run(TestNG.java:996)at org.testng.remote.AbstractRemoteTestNG.run(AbstractRemoteTestNG.java:114)at org.testng.remote.RemoteTestNG.initAndRun(RemoteTestNG.java:251)at org.testng.remote.RemoteTestNG.main(RemoteTestNG.java:77)]]>
    </error>
  </testcase> <!-- scroll -->
</testsuite> <!-- com.appium.gestures.Scroll_ -->
