<?xml version="1.0" encoding="UTF-8"?>
<!-- Generated by org.testng.reporters.JUnitReportReporter -->
<testsuite skipped="0" hostname="Amar" name="com.appium.gestures.Swipe" tests="1" failures="0" timestamp="23 Oct 2020 06:46:24 GMT" time="20.388" errors="0">
  <testcase name="swipe" time="20.388" classname="com.appium.gestures.Swipe"/>
</testsuite> <!-- com.appium.gestures.Swipe -->
