<?xml version="1.0" encoding="UTF-8"?>
<!-- Generated by org.testng.reporters.JUnitReportReporter -->
<testsuite skipped="0" hostname="Amar" name="com.appium.gestures.Zoom" tests="1" failures="0" timestamp="24 Oct 2020 08:46:23 GMT" time="21.366" errors="0">
  <testcase name="zoominandOut" time="21.366" classname="com.appium.gestures.Zoom"/>
</testsuite> <!-- com.appium.gestures.Zoom -->
