<?xml version="1.0" encoding="UTF-8"?>
<!-- Generated by org.testng.reporters.JUnitReportReporter -->
<testsuite skipped="0" hostname="Amar" name="com.appium.practice.INstall_App" tests="1" failures="0" timestamp="28 Oct 2020 05:12:25 GMT" time="38.140" errors="0">
  <testcase name="installApk" time="38.140" classname="com.appium.practice.INstall_App"/>
</testsuite> <!-- com.appium.practice.INstall_App -->
