<?xml version="1.0" encoding="UTF-8"?>
<!-- Generated by org.testng.reporters.JUnitReportReporter -->
<testsuite skipped="0" hostname="Amar" name="com.appium.emulator.INstall_App" tests="1" failures="0" timestamp="28 Oct 2020 08:05:47 GMT" time="30.096" errors="0">
  <testcase name="installApk" time="30.096" classname="com.appium.emulator.INstall_App"/>
</testsuite> <!-- com.appium.emulator.INstall_App -->
