<?xml version="1.0" encoding="UTF-8"?>
<!-- Generated by org.testng.reporters.JUnitReportReporter -->
<testsuite skipped="0" hostname="Amar" name="com.appium.drivermtd.KeyCode" tests="1" failures="0" timestamp="26 Oct 2020 06:33:31 GMT" time="32.279" errors="0">
  <testcase name="keycode" time="32.279" classname="com.appium.drivermtd.KeyCode"/>
</testsuite> <!-- com.appium.drivermtd.KeyCode -->
