<?xml version="1.0" encoding="UTF-8"?>
<!-- Generated by org.testng.reporters.JUnitReportReporter -->
<testsuite skipped="0" hostname="Amar" name="com.appium.gestures.DropDown" tests="1" failures="0" timestamp="24 Oct 2020 07:59:47 GMT" time="30.570" errors="0">
  <testcase name="dropDown" time="30.570" classname="com.appium.gestures.DropDown"/>
</testsuite> <!-- com.appium.gestures.DropDown -->
