<?xml version="1.0" encoding="UTF-8"?>
<!-- Generated by org.testng.reporters.JUnitReportReporter -->
<testsuite skipped="0" hostname="Amar" name="com.appium.drivermtd.Switch_APP" tests="1" failures="0" timestamp="27 Oct 2020 13:00:38 GMT" time="40.936" errors="0">
  <testcase name="switchapp" time="40.936" classname="com.appium.drivermtd.Switch_APP"/>
</testsuite> <!-- com.appium.drivermtd.Switch_APP -->
