<?xml version="1.0" encoding="UTF-8"?>
<!-- Generated by org.testng.reporters.JUnitReportReporter -->
<testsuite skipped="0" hostname="Amar" name="com.appium.gestures.Scroll_3" tests="1" failures="0" timestamp="24 Oct 2020 06:59:11 GMT" time="40.471" errors="0">
  <testcase name="tapandScroll" time="40.471" classname="com.appium.gestures.Scroll_3"/>
</testsuite> <!-- com.appium.gestures.Scroll_3 -->
