<?xml version="1.0" encoding="UTF-8"?>
<!-- Generated by org.testng.reporters.JUnitReportReporter -->
<testsuite skipped="0" hostname="Amar" name="com.appium.gestures.Multi_touch" tests="1" failures="0" timestamp="24 Oct 2020 10:40:29 GMT" time="24.783" errors="0">
  <testcase name="zoominandOut" time="24.783" classname="com.appium.gestures.Multi_touch"/>
</testsuite> <!-- com.appium.gestures.Multi_touch -->
