<?xml version="1.0" encoding="UTF-8"?>
<!-- Generated by org.testng.reporters.JUnitReportReporter -->
<testsuite skipped="0" hostname="Amar" name="com.appium.practice.OpenCal" tests="1" failures="0" timestamp="21 Oct 2020 09:05:05 GMT" time="29.626" errors="0">
  <testcase name="OpenCalculator" time="29.626" classname="com.appium.practice.OpenCal"/>
</testsuite> <!-- com.appium.practice.OpenCal -->
