<?xml version="1.0" encoding="UTF-8"?>
<!-- Generated by org.testng.reporters.JUnitReportReporter -->
<testsuite skipped="0" hostname="Amar" name="com.appium.gestures.Tap" tests="1" failures="0" timestamp="22 Oct 2020 11:34:59 GMT" time="25.361" errors="0">
  <testcase name="tap" time="25.361" classname="com.appium.gestures.Tap"/>
</testsuite> <!-- com.appium.gestures.Tap -->
