<?xml version="1.0" encoding="UTF-8"?>
<!-- Generated by org.testng.reporters.JUnitReportReporter -->
<testsuite skipped="0" hostname="Amar" name="com.appium.practice.Voonik" tests="1" failures="0" timestamp="22 Oct 2020 10:09:21 GMT" time="23.367" errors="0">
  <testcase name="voonik" time="23.367" classname="com.appium.practice.Voonik"/>
</testsuite> <!-- com.appium.practice.Voonik -->
